-- The C compiler identification is GNU 11.4.0
-- The CXX compiler identification is GNU 11.4.0
-- Detecting C compiler ABI info
-- Detecting C compiler ABI info - done
-- Check for working C compiler: /usr/bin/cc - skipped
-- Detecting C compile features
-- Detecting C compile features - done
-- Detecting CXX compiler ABI info
-- Detecting CXX compiler ABI info - done
-- Check for working CXX compiler: /usr/bin/c++ - skipped
-- Detecting CXX compile features
-- Detecting CXX compile features - done
-- Found ament_cmake: 1.3.11 (/opt/ros/humble/share/ament_cmake/cmake)
-- Found Python3: /usr/bin/python3 (found version "3.10.12") found components: Interpreter 
-- Override CMake install command with custom implementation using symlinks instead of copying resources
-- Found rclcpp: 16.0.11 (/opt/ros/humble/share/rclcpp/cmake)
-- Found rosidl_generator_c: 3.1.6 (/opt/ros/humble/share/rosidl_generator_c/cmake)
-- Found rosidl_adapter: 3.1.6 (/opt/ros/humble/share/rosidl_adapter/cmake)
-- Found rosidl_generator_cpp: 3.1.6 (/opt/ros/humble/share/rosidl_generator_cpp/cmake)
-- Using all available rosidl_typesupport_c: rosidl_typesupport_fastrtps_c;rosidl_typesupport_introspection_c
-- Using all available rosidl_typesupport_cpp: rosidl_typesupport_fastrtps_cpp;rosidl_typesupport_introspection_cpp
-- Found rmw_implementation_cmake: 6.1.2 (/opt/ros/humble/share/rmw_implementation_cmake/cmake)
-- Found rmw_fastrtps_cpp: 6.2.7 (/opt/ros/humble/share/rmw_fastrtps_cpp/cmake)
-- Found OpenSSL: /usr/lib/x86_64-linux-gnu/libcrypto.so (found version "3.0.2")  
-- Found FastRTPS: /opt/ros/humble/include  
-- Using RMW implementation 'rmw_fastrtps_cpp' as default
-- Looking for pthread.h
-- Looking for pthread.h - found
-- Performing Test CMAKE_HAVE_LIBC_PTHREAD
-- Performing Test CMAKE_HAVE_LIBC_PTHREAD - Success
-- Found Threads: TRUE  
-- Found geometry_msgs: 4.2.4 (/opt/ros/humble/share/geometry_msgs/cmake)
-- Found visualization_msgs: 4.2.4 (/opt/ros/humble/share/visualization_msgs/cmake)
-- Found tf2: 0.25.12 (/opt/ros/humble/share/tf2/cmake)
-- Found tf2_ros: 0.25.12 (/opt/ros/humble/share/tf2_ros/cmake)
-- Found octomap_ros: 0.4.4 (/opt/ros/humble/share/octomap_ros/cmake)
-- Found nav_msgs: 4.2.4 (/opt/ros/humble/share/nav_msgs/cmake)
-- Found ament_lint_auto: 0.12.11 (/opt/ros/humble/share/ament_lint_auto/cmake)
-- Added test 'cppcheck' to perform static code analysis on C / C++ code
-- Configured cppcheck include dirs: /home/seohyeongmi/ros2_ws/src/ros2_term_project/include
-- Configured cppcheck exclude dirs and/or files: 
-- Added test 'flake8' to check Python code syntax and style conventions
-- Added test 'lint_cmake' to check CMake code style
-- Added test 'pep257' to check Python code against some of the docstring style conventions in PEP 257
-- Added test 'uncrustify' to check C / C++ code style
-- Configured uncrustify additional arguments: 
-- Added test 'xmllint' to check XML markup files
-- Configuring done
-- Generating done
-- Build files have been written to: /home/seohyeongmi/ros2_ws/src/ros2_term_project/build/ros2_term_project
[ 40%] [32mBuilding CXX object CMakeFiles/cmd_publisher_node.dir/src/map.cpp.o[0m
[ 40%] [32mBuilding CXX object CMakeFiles/cmd_publisher_node.dir/src/cmd_publisher.cpp.o[0m
[ 60%] [32mBuilding CXX object CMakeFiles/cmd_publisher_node.dir/src/cmd_publisher_node.cpp.o[0m
[ 80%] [32mBuilding CXX object CMakeFiles/cmd_publisher_node.dir/src/pathfinder.cpp.o[0m
In file included from [01m[K/home/seohyeongmi/ros2_ws/src/ros2_term_project/src/cmd_publisher.cpp:2[m[K:
[01m[K/home/seohyeongmi/ros2_ws/src/ros2_term_project/include/cmd_publisher.h:21:10:[m[K [01;31m[Kfatal error: [m[Knav_msgs/msg/occupancy_grid.hpp: ê·¸ëŸ° íŒŒì¼ì´ë‚˜ ë””ë ‰í„°ë¦¬ê°€ ì—†ìŠµë‹ˆë‹¤
   21 | #include [01;31m[K"nav_msgs/msg/occupancy_grid.hpp"[m[K
      |          [01;31m[K^~~~~~~~~~~~~~~~~~~~~~~~~~~~~~~~~[m[K
compilation terminated.
gmake[2]: *** [CMakeFiles/cmd_publisher_node.dir/build.make:90: CMakeFiles/cmd_publisher_node.dir/src/cmd_publisher.cpp.o] ì˜¤ë¥˜ 1
gmake[2]: *** ëë‚˜ì§€ ì•Šì€ ì‘ì—…ì„ ê¸°ë‹¤ë¦¬ê³  ìˆìŠµë‹ˆë‹¤....
In file included from [01m[K/home/seohyeongmi/ros2_ws/src/ros2_term_project/src/cmd_publisher_node.cpp:2[m[K:
[01m[K/home/seohyeongmi/ros2_ws/src/ros2_term_project/include/cmd_publisher.h:21:10:[m[K [01;31m[Kfatal error: [m[Knav_msgs/msg/occupancy_grid.hpp: ê·¸ëŸ° íŒŒì¼ì´ë‚˜ ë””ë ‰í„°ë¦¬ê°€ ì—†ìŠµë‹ˆë‹¤
   21 | #include [01;31m[K"nav_msgs/msg/occupancy_grid.hpp"[m[K
      |          [01;31m[K^~~~~~~~~~~~~~~~~~~~~~~~~~~~~~~~~[m[K
compilation terminated.
gmake[2]: *** [CMakeFiles/cmd_publisher_node.dir/build.make:76: CMakeFiles/cmd_publisher_node.dir/src/cmd_publisher_node.cpp.o] ì˜¤ë¥˜ 1
In file included from [01m[K/home/seohyeongmi/ros2_ws/src/ros2_term_project/src/map.cpp:1[m[K:
[01m[K/home/seohyeongmi/ros2_ws/src/ros2_term_project/include/map.h:25:22:[m[K [01;35m[Kwarning: [m[Kâ€˜[01m[Knodiscard[m[Kâ€™ attribute applied to â€˜[01m[Kvoid Map::get_distance_and_closest_obstacle(const point3d&, float&, octomap::point3d&) const[m[Kâ€™ with void return type [[01;35m[K]8;;https://gcc.gnu.org/onlinedocs/gcc/Warning-Options.html#index-Wattributes-Wattributes]8;;[m[K]
   25 |   [[nodiscard]] void [01;35m[Kget_distance_and_closest_obstacle[m[K(const octomap::point3d& search_point,
      |                      [01;35m[K^~~~~~~~~~~~~~~~~~~~~~~~~~~~~~~~~[m[K
[01m[K/home/seohyeongmi/ros2_ws/src/ros2_term_project/src/map.cpp:21:20:[m[K [01;35m[Kwarning: [m[Kâ€˜[01m[Knodiscard[m[Kâ€™ attribute applied to â€˜[01m[Kvoid Map::get_distance_and_closest_obstacle(const point3d&, float&, octomap::point3d&) const[m[Kâ€™ with void return type [[01;35m[K]8;;https://gcc.gnu.org/onlinedocs/gcc/Warning-Options.html#index-Wattributes-Wattributes]8;;[m[K]
   21 | [[nodiscard]] void [01;35m[KMap[m[K::get_distance_and_closest_obstacle(const octomap::point3d& search_point,
      |                    [01;35m[K^~~[m[K
[01m[K/home/seohyeongmi/ros2_ws/src/ros2_term_project/src/pathfinder.cpp:[m[K In function â€˜[01m[Kstd::vector<PathNode> FindPath(const std::vector<std::vector<int> >&, const PathNode&, const PathNode&)[m[Kâ€™:
[01m[K/home/seohyeongmi/ros2_ws/src/ros2_term_project/src/pathfinder.cpp:51:31:[m[K [01;35m[Kwarning: [m[Kcomparison of integer expressions of different signedness: â€˜[01m[Kint[m[Kâ€™ and â€˜[01m[Kstd::vector<std::vector<int> >::size_type[m[Kâ€™ {aka â€˜[01m[Klong unsigned int[m[Kâ€™} [[01;35m[K]8;;https://gcc.gnu.org/onlinedocs/gcc/Warning-Options.html#index-Wsign-compare-Wsign-compare]8;;[m[K]
   51 |             if (nx >= 0 && [01;35m[Knx < graph.size()[m[K && ny >= 0 && ny < graph[0].size() && graph[nx][ny] == 0 && !closedList[nx][ny])
      |                            [01;35m[K~~~^~~~~~~~~~~~~~[m[K
[01m[K/home/seohyeongmi/ros2_ws/src/ros2_term_project/src/pathfinder.cpp:51:63:[m[K [01;35m[Kwarning: [m[Kcomparison of integer expressions of different signedness: â€˜[01m[Kint[m[Kâ€™ and â€˜[01m[Kstd::vector<int>::size_type[m[Kâ€™ {aka â€˜[01m[Klong unsigned int[m[Kâ€™} [[01;35m[K]8;;https://gcc.gnu.org/onlinedocs/gcc/Warning-Options.html#index-Wsign-compare-Wsign-compare]8;;[m[K]
   51 |             if (nx >= 0 && nx < graph.size() && ny >= 0 && [01;35m[Kny < graph[0].size()[m[K && graph[nx][ny] == 0 && !closedList[nx][ny])
      |                                                            [01;35m[K~~~^~~~~~~~~~~~~~~~~[m[K
gmake[1]: *** [CMakeFiles/Makefile2:137: CMakeFiles/cmd_publisher_node.dir/all] ì˜¤ë¥˜ 2
gmake: *** [Makefile:146: all] ì˜¤ë¥˜ 2
