[0.014s] Invoking command in '/home/seohyeongmi/ros2_ws/src/ros2_term_project/build/ros2_term_project': CMAKE_PREFIX_PATH=${CMAKE_PREFIX_PATH}:/opt/ros/humble /usr/bin/cmake /home/seohyeongmi/ros2_ws/src/ros2_term_project -DAMENT_CMAKE_SYMLINK_INSTALL=1 -DCMAKE_INSTALL_PREFIX=/home/seohyeongmi/ros2_ws/src/ros2_term_project/install/ros2_term_project
[0.116s] -- The C compiler identification is GNU 11.4.0
[0.189s] -- The CXX compiler identification is GNU 11.4.0
[0.199s] -- Detecting C compiler ABI info
[0.284s] -- Detecting C compiler ABI info - done
[0.294s] -- Check for working C compiler: /usr/bin/cc - skipped
[0.295s] -- Detecting C compile features
[0.295s] -- Detecting C compile features - done
[0.299s] -- Detecting CXX compiler ABI info
[0.400s] -- Detecting CXX compiler ABI info - done
[0.411s] -- Check for working CXX compiler: /usr/bin/c++ - skipped
[0.412s] -- Detecting CXX compile features
[0.412s] -- Detecting CXX compile features - done
[0.427s] -- Found ament_cmake: 1.3.11 (/opt/ros/humble/share/ament_cmake/cmake)
[0.634s] -- Found Python3: /usr/bin/python3 (found version "3.10.12") found components: Interpreter 
[0.720s] -- Override CMake install command with custom implementation using symlinks instead of copying resources
[0.769s] -- Found rclcpp: 16.0.11 (/opt/ros/humble/share/rclcpp/cmake)
[0.832s] -- Found rosidl_generator_c: 3.1.6 (/opt/ros/humble/share/rosidl_generator_c/cmake)
[0.838s] -- Found rosidl_adapter: 3.1.6 (/opt/ros/humble/share/rosidl_adapter/cmake)
[0.850s] -- Found rosidl_generator_cpp: 3.1.6 (/opt/ros/humble/share/rosidl_generator_cpp/cmake)
[0.866s] -- Using all available rosidl_typesupport_c: rosidl_typesupport_fastrtps_c;rosidl_typesupport_introspection_c
[0.886s] -- Using all available rosidl_typesupport_cpp: rosidl_typesupport_fastrtps_cpp;rosidl_typesupport_introspection_cpp
[0.954s] -- Found rmw_implementation_cmake: 6.1.2 (/opt/ros/humble/share/rmw_implementation_cmake/cmake)
[0.957s] -- Found rmw_fastrtps_cpp: 6.2.7 (/opt/ros/humble/share/rmw_fastrtps_cpp/cmake)
[1.075s] -- Found OpenSSL: /usr/lib/x86_64-linux-gnu/libcrypto.so (found version "3.0.2")  
[1.107s] -- Found FastRTPS: /opt/ros/humble/include  
[1.159s] -- Using RMW implementation 'rmw_fastrtps_cpp' as default
[1.169s] -- Looking for pthread.h
[1.255s] -- Looking for pthread.h - found
[1.255s] -- Performing Test CMAKE_HAVE_LIBC_PTHREAD
[1.357s] -- Performing Test CMAKE_HAVE_LIBC_PTHREAD - Success
[1.359s] -- Found Threads: TRUE  
[1.437s] -- Found geometry_msgs: 4.2.4 (/opt/ros/humble/share/geometry_msgs/cmake)
[1.455s] -- Found visualization_msgs: 4.2.4 (/opt/ros/humble/share/visualization_msgs/cmake)
[1.516s] -- Found tf2: 0.25.12 (/opt/ros/humble/share/tf2/cmake)
[1.530s] -- Found tf2_ros: 0.25.12 (/opt/ros/humble/share/tf2_ros/cmake)
[1.639s] -- Found octomap_ros: 0.4.4 (/opt/ros/humble/share/octomap_ros/cmake)
[1.674s] -- Found nav_msgs: 4.2.4 (/opt/ros/humble/share/nav_msgs/cmake)
[1.697s] -- Found ament_lint_auto: 0.12.11 (/opt/ros/humble/share/ament_lint_auto/cmake)
[1.813s] -- Added test 'cppcheck' to perform static code analysis on C / C++ code
[1.813s] -- Configured cppcheck include dirs: /home/seohyeongmi/ros2_ws/src/ros2_term_project/include
[1.813s] -- Configured cppcheck exclude dirs and/or files: 
[1.815s] -- Added test 'flake8' to check Python code syntax and style conventions
[1.817s] -- Added test 'lint_cmake' to check CMake code style
[1.818s] -- Added test 'pep257' to check Python code against some of the docstring style conventions in PEP 257
[1.825s] -- Added test 'uncrustify' to check C / C++ code style
[1.825s] -- Configured uncrustify additional arguments: 
[1.828s] -- Added test 'xmllint' to check XML markup files
[1.831s] -- Configuring done
[1.872s] -- Generating done
[1.883s] -- Build files have been written to: /home/seohyeongmi/ros2_ws/src/ros2_term_project/build/ros2_term_project
[1.896s] Invoked command in '/home/seohyeongmi/ros2_ws/src/ros2_term_project/build/ros2_term_project' returned '0': CMAKE_PREFIX_PATH=${CMAKE_PREFIX_PATH}:/opt/ros/humble /usr/bin/cmake /home/seohyeongmi/ros2_ws/src/ros2_term_project -DAMENT_CMAKE_SYMLINK_INSTALL=1 -DCMAKE_INSTALL_PREFIX=/home/seohyeongmi/ros2_ws/src/ros2_term_project/install/ros2_term_project
[1.899s] Invoking command in '/home/seohyeongmi/ros2_ws/src/ros2_term_project/build/ros2_term_project': CMAKE_PREFIX_PATH=${CMAKE_PREFIX_PATH}:/opt/ros/humble /usr/bin/cmake --build /home/seohyeongmi/ros2_ws/src/ros2_term_project/build/ros2_term_project -- -j8 -l8
[1.959s] [ 40%] [32mBuilding CXX object CMakeFiles/cmd_publisher_node.dir/src/map.cpp.o[0m
[1.959s] [ 40%] [32mBuilding CXX object CMakeFiles/cmd_publisher_node.dir/src/cmd_publisher.cpp.o[0m
[1.959s] [ 60%] [32mBuilding CXX object CMakeFiles/cmd_publisher_node.dir/src/cmd_publisher_node.cpp.o[0m
[1.960s] [ 80%] [32mBuilding CXX object CMakeFiles/cmd_publisher_node.dir/src/pathfinder.cpp.o[0m
[2.410s] In file included from [01m[K/home/seohyeongmi/ros2_ws/src/ros2_term_project/src/cmd_publisher.cpp:2[m[K:
[2.411s] [01m[K/home/seohyeongmi/ros2_ws/src/ros2_term_project/include/cmd_publisher.h:21:10:[m[K [01;31m[Kfatal error: [m[Knav_msgs/msg/occupancy_grid.hpp: Í∑∏Îü∞ ÌååÏùºÏù¥ÎÇò ÎîîÎ†âÌÑ∞Î¶¨Í∞Ä ÏóÜÏäµÎãàÎã§
[2.411s]    21 | #include [01;31m[K"nav_msgs/msg/occupancy_grid.hpp"[m[K
[2.411s]       |          [01;31m[K^~~~~~~~~~~~~~~~~~~~~~~~~~~~~~~~~[m[K
[2.411s] compilation terminated.
[2.414s] gmake[2]: *** [CMakeFiles/cmd_publisher_node.dir/build.make:90: CMakeFiles/cmd_publisher_node.dir/src/cmd_publisher.cpp.o] Ïò§Î•ò 1
[2.415s] gmake[2]: *** ÎÅùÎÇòÏßÄ ÏïäÏùÄ ÏûëÏóÖÏùÑ Í∏∞Îã§Î¶¨Í≥† ÏûàÏäµÎãàÎã§....
[2.424s] In file included from [01m[K/home/seohyeongmi/ros2_ws/src/ros2_term_project/src/cmd_publisher_node.cpp:2[m[K:
[2.424s] [01m[K/home/seohyeongmi/ros2_ws/src/ros2_term_project/include/cmd_publisher.h:21:10:[m[K [01;31m[Kfatal error: [m[Knav_msgs/msg/occupancy_grid.hpp: Í∑∏Îü∞ ÌååÏùºÏù¥ÎÇò ÎîîÎ†âÌÑ∞Î¶¨Í∞Ä ÏóÜÏäµÎãàÎã§
[2.424s]    21 | #include [01;31m[K"nav_msgs/msg/occupancy_grid.hpp"[m[K
[2.424s]       |          [01;31m[K^~~~~~~~~~~~~~~~~~~~~~~~~~~~~~~~~[m[K
[2.424s] compilation terminated.
[2.428s] gmake[2]: *** [CMakeFiles/cmd_publisher_node.dir/build.make:76: CMakeFiles/cmd_publisher_node.dir/src/cmd_publisher_node.cpp.o] Ïò§Î•ò 1
[3.155s] In file included from [01m[K/home/seohyeongmi/ros2_ws/src/ros2_term_project/src/map.cpp:1[m[K:
[3.155s] [01m[K/home/seohyeongmi/ros2_ws/src/ros2_term_project/include/map.h:25:22:[m[K [01;35m[Kwarning: [m[K‚Äò[01m[Knodiscard[m[K‚Äô attribute applied to ‚Äò[01m[Kvoid Map::get_distance_and_closest_obstacle(const point3d&, float&, octomap::point3d&) const[m[K‚Äô with void return type [[01;35m[K]8;;https://gcc.gnu.org/onlinedocs/gcc/Warning-Options.html#index-Wattributes-Wattributes]8;;[m[K]
[3.155s]    25 |   [[nodiscard]] void [01;35m[Kget_distance_and_closest_obstacle[m[K(const octomap::point3d& search_point,
[3.155s]       |                      [01;35m[K^~~~~~~~~~~~~~~~~~~~~~~~~~~~~~~~~[m[K
[3.167s] [01m[K/home/seohyeongmi/ros2_ws/src/ros2_term_project/src/map.cpp:21:20:[m[K [01;35m[Kwarning: [m[K‚Äò[01m[Knodiscard[m[K‚Äô attribute applied to ‚Äò[01m[Kvoid Map::get_distance_and_closest_obstacle(const point3d&, float&, octomap::point3d&) const[m[K‚Äô with void return type [[01;35m[K]8;;https://gcc.gnu.org/onlinedocs/gcc/Warning-Options.html#index-Wattributes-Wattributes]8;;[m[K]
[3.167s]    21 | [[nodiscard]] void [01;35m[KMap[m[K::get_distance_and_closest_obstacle(const octomap::point3d& search_point,
[3.167s]       |                    [01;35m[K^~~[m[K
[5.427s] [01m[K/home/seohyeongmi/ros2_ws/src/ros2_term_project/src/pathfinder.cpp:[m[K In function ‚Äò[01m[Kstd::vector<PathNode> FindPath(const std::vector<std::vector<int> >&, const PathNode&, const PathNode&)[m[K‚Äô:
[5.427s] [01m[K/home/seohyeongmi/ros2_ws/src/ros2_term_project/src/pathfinder.cpp:51:31:[m[K [01;35m[Kwarning: [m[Kcomparison of integer expressions of different signedness: ‚Äò[01m[Kint[m[K‚Äô and ‚Äò[01m[Kstd::vector<std::vector<int> >::size_type[m[K‚Äô {aka ‚Äò[01m[Klong unsigned int[m[K‚Äô} [[01;35m[K]8;;https://gcc.gnu.org/onlinedocs/gcc/Warning-Options.html#index-Wsign-compare-Wsign-compare]8;;[m[K]
[5.427s]    51 |             if (nx >= 0 && [01;35m[Knx < graph.size()[m[K && ny >= 0 && ny < graph[0].size() && graph[nx][ny] == 0 && !closedList[nx][ny])
[5.427s]       |                            [01;35m[K~~~^~~~~~~~~~~~~~[m[K
[5.427s] [01m[K/home/seohyeongmi/ros2_ws/src/ros2_term_project/src/pathfinder.cpp:51:63:[m[K [01;35m[Kwarning: [m[Kcomparison of integer expressions of different signedness: ‚Äò[01m[Kint[m[K‚Äô and ‚Äò[01m[Kstd::vector<int>::size_type[m[K‚Äô {aka ‚Äò[01m[Klong unsigned int[m[K‚Äô} [[01;35m[K]8;;https://gcc.gnu.org/onlinedocs/gcc/Warning-Options.html#index-Wsign-compare-Wsign-compare]8;;[m[K]
[5.427s]    51 |             if (nx >= 0 && nx < graph.size() && ny >= 0 && [01;35m[Kny < graph[0].size()[m[K && graph[nx][ny] == 0 && !closedList[nx][ny])
[5.427s]       |                                                            [01;35m[K~~~^~~~~~~~~~~~~~~~~[m[K
[6.439s] gmake[1]: *** [CMakeFiles/Makefile2:137: CMakeFiles/cmd_publisher_node.dir/all] Ïò§Î•ò 2
[6.439s] gmake: *** [Makefile:146: all] Ïò§Î•ò 2
[6.443s] Invoked command in '/home/seohyeongmi/ros2_ws/src/ros2_term_project/build/ros2_term_project' returned '2': CMAKE_PREFIX_PATH=${CMAKE_PREFIX_PATH}:/opt/ros/humble /usr/bin/cmake --build /home/seohyeongmi/ros2_ws/src/ros2_term_project/build/ros2_term_project -- -j8 -l8
