[35m[1mConsolidate compiler generated dependencies of target cmd_publisher_node[0m
[ 40%] [32mBuilding CXX object CMakeFiles/cmd_publisher_node.dir/src/cmd_publisher_node.cpp.o[0m
[ 40%] [32mBuilding CXX object CMakeFiles/cmd_publisher_node.dir/src/cmd_publisher.cpp.o[0m
In file included from [01m[K/home/seohyeongmi/ros2_ws/src/ros2_term_project/include/cmd_publisher.h:5[m[K,
                 from [01m[K/home/seohyeongmi/ros2_ws/src/ros2_term_project/src/cmd_publisher.cpp:2[m[K:
[01m[K/home/seohyeongmi/ros2_ws/src/ros2_term_project/include/map.h:25:22:[m[K [01;35m[Kwarning: [m[K‚Äò[01m[Knodiscard[m[K‚Äô attribute applied to ‚Äò[01m[Kvoid Map::get_distance_and_closest_obstacle(const point3d&, float&, octomap::point3d&) const[m[K‚Äô with void return type [[01;35m[K]8;;https://gcc.gnu.org/onlinedocs/gcc/Warning-Options.html#index-Wattributes-Wattributes]8;;[m[K]
   25 |   [[nodiscard]] void [01;35m[Kget_distance_and_closest_obstacle[m[K(const octomap::point3d& search_point,
      |                      [01;35m[K^~~~~~~~~~~~~~~~~~~~~~~~~~~~~~~~~[m[K
In file included from [01m[K/home/seohyeongmi/ros2_ws/src/ros2_term_project/include/cmd_publisher.h:5[m[K,
                 from [01m[K/home/seohyeongmi/ros2_ws/src/ros2_term_project/src/cmd_publisher_node.cpp:2[m[K:
[01m[K/home/seohyeongmi/ros2_ws/src/ros2_term_project/include/map.h:25:22:[m[K [01;35m[Kwarning: [m[K‚Äò[01m[Knodiscard[m[K‚Äô attribute applied to ‚Äò[01m[Kvoid Map::get_distance_and_closest_obstacle(const point3d&, float&, octomap::point3d&) const[m[K‚Äô with void return type [[01;35m[K]8;;https://gcc.gnu.org/onlinedocs/gcc/Warning-Options.html#index-Wattributes-Wattributes]8;;[m[K]
   25 |   [[nodiscard]] void [01;35m[Kget_distance_and_closest_obstacle[m[K(const octomap::point3d& search_point,
      |                      [01;35m[K^~~~~~~~~~~~~~~~~~~~~~~~~~~~~~~~~[m[K
In file included from [01m[K/home/seohyeongmi/ros2_ws/src/ros2_term_project/src/cmd_publisher_node.cpp:2[m[K:
[01m[K/home/seohyeongmi/ros2_ws/src/ros2_term_project/include/cmd_publisher.h:66:26:[m[K [01;31m[Kerror: [m[K‚Äò[01m[Knav_msgs[m[K‚Äô was not declared in this scope
   66 |     rclcpp::Subscription<[01;31m[Knav_msgs[m[K::msg::OccupancyGrid>::SharedPtr sub_map;
      |                          [01;31m[K^~~~~~~~[m[K
[01m[K/home/seohyeongmi/ros2_ws/src/ros2_term_project/include/cmd_publisher.h:66:54:[m[K [01;31m[Kerror: [m[Ktemplate argument 1 is invalid
   66 |     rclcpp::Subscription<nav_msgs::msg::OccupancyGrid[01;31m[K>[m[K::SharedPtr sub_map;
      |                                                      [01;31m[K^[m[K
[01m[K/home/seohyeongmi/ros2_ws/src/ros2_term_project/include/cmd_publisher.h:66:54:[m[K [01;31m[Kerror: [m[Ktemplate argument 3 is invalid
[01m[K/home/seohyeongmi/ros2_ws/src/ros2_term_project/include/cmd_publisher.h:66:54:[m[K [01;31m[Kerror: [m[Ktemplate argument 4 is invalid
[01m[K/home/seohyeongmi/ros2_ws/src/ros2_term_project/include/cmd_publisher.h:66:54:[m[K [01;31m[Kerror: [m[Ktemplate argument 5 is invalid
[01m[K/home/seohyeongmi/ros2_ws/src/ros2_term_project/include/cmd_publisher.h:66:57:[m[K [01;31m[Kerror: [m[Kexpected ‚Äò[01m[K;[m[K‚Äô at end of member declaration
   66 |     rclcpp::Subscription<nav_msgs::msg::OccupancyGrid>::[01;31m[KSharedPtr[m[K sub_map;
      |                                                         [01;31m[K^~~~~~~~~[m[K
      |                                                                  [32m[K;[m[K
[01m[K/home/seohyeongmi/ros2_ws/src/ros2_term_project/include/cmd_publisher.h:66:67:[m[K [01;31m[Kerror: [m[K‚Äò[01m[Ksub_map[m[K‚Äô does not name a type
   66 |  rclcpp::Subscription<nav_msgs::msg::OccupancyGrid>::SharedPtr [01;31m[Ksub_map[m[K;
      |                                                                [01;31m[K^~~~~~~[m[K

In file included from [01m[K/home/seohyeongmi/ros2_ws/src/ros2_term_project/src/cmd_publisher.cpp:2[m[K:
[01m[K/home/seohyeongmi/ros2_ws/src/ros2_term_project/include/cmd_publisher.h:66:26:[m[K [01;31m[Kerror: [m[K‚Äò[01m[Knav_msgs[m[K‚Äô was not declared in this scope
   66 |     rclcpp::Subscription<[01;31m[Knav_msgs[m[K::msg::OccupancyGrid>::SharedPtr sub_map;
      |                          [01;31m[K^~~~~~~~[m[K
[01m[K/home/seohyeongmi/ros2_ws/src/ros2_term_project/include/cmd_publisher.h:66:54:[m[K [01;31m[Kerror: [m[Ktemplate argument 1 is invalid
   66 |     rclcpp::Subscription<nav_msgs::msg::OccupancyGrid[01;31m[K>[m[K::SharedPtr sub_map;
      |                                                      [01;31m[K^[m[K
[01m[K/home/seohyeongmi/ros2_ws/src/ros2_term_project/include/cmd_publisher.h:66:54:[m[K [01;31m[Kerror: [m[Ktemplate argument 3 is invalid
[01m[K/home/seohyeongmi/ros2_ws/src/ros2_term_project/include/cmd_publisher.h:66:54:[m[K [01;31m[Kerror: [m[Ktemplate argument 4 is invalid
[01m[K/home/seohyeongmi/ros2_ws/src/ros2_term_project/include/cmd_publisher.h:66:54:[m[K [01;31m[Kerror: [m[Ktemplate argument 5 is invalid
[01m[K/home/seohyeongmi/ros2_ws/src/ros2_term_project/include/cmd_publisher.h:66:57:[m[K [01;31m[Kerror: [m[Kexpected ‚Äò[01m[K;[m[K‚Äô at end of member declaration
   66 |     rclcpp::Subscription<nav_msgs::msg::OccupancyGrid>::[01;31m[KSharedPtr[m[K sub_map;
      |                                                         [01;31m[K^~~~~~~~~[m[K
      |                                                                  [32m[K;[m[K
[01m[K/home/seohyeongmi/ros2_ws/src/ros2_term_project/include/cmd_publisher.h:66:67:[m[K [01;31m[Kerror: [m[K‚Äò[01m[Ksub_map[m[K‚Äô does not name a type
   66 |     rclcpp::Subscription<nav_msgs::msg::OccupancyGrid>::SharedPtr [01;31m[Ksub_map[m[K;
      |                                                                   [01;31m[K^~~~~~~[m[K
[01m[K/home/seohyeongmi/ros2_ws/src/ros2_term_project/src/cmd_publisher.cpp:[m[K In constructor ‚Äò[01m[KCmdPublisher::CmdPublisher()[m[K‚Äô:
[01m[K/home/seohyeongmi/ros2_ws/src/ros2_term_project/src/cmd_publisher.cpp:27:5:[m[K [01;31m[Kerror: [m[K‚Äò[01m[Ksub_map[m[K‚Äô was not declared in this scope
   27 |     [01;31m[Ksub_map[m[K = this->create_subscription<nav_msgs::msg::OccupancyGrid>(
      |     [01;31m[K^~~~~~~[m[K
[01m[K/home/seohyeongmi/ros2_ws/src/ros2_term_project/src/cmd_publisher.cpp:27:41:[m[K [01;31m[Kerror: [m[K‚Äò[01m[Knav_msgs[m[K‚Äô was not declared in this scope
   27 |     sub_map = this->create_subscription<[01;31m[Knav_msgs[m[K::msg::OccupancyGrid>(
      |                                         [01;31m[K^~~~~~~~[m[K
[01m[K/home/seohyeongmi/ros2_ws/src/ros2_term_project/src/cmd_publisher.cpp:27:21:[m[K [01;31m[Kerror: [m[Kparse error in template argument list
   27 |     sub_map = this->[01;31m[Kcreate_subscription<nav_msgs::msg::OccupancyGrid>[m[K(
      |                     [01;31m[K^~~~~~~~~~~~~~~~~~~~~~~~~~~~~~~~~~~~~~~~~~~~~~~~~[m[K
[01m[K/home/seohyeongmi/ros2_ws/src/ros2_term_project/src/cmd_publisher.cpp:28:49:[m[K [01;31m[Kerror: [m[K‚Äò[01m[Kmap_callback[m[K‚Äô is not a member of ‚Äò[01m[KCmdPublisher[m[K‚Äô
   28 |             "map", 10, std::bind(&CmdPublisher::[01;31m[Kmap_callback[m[K, this, std::placeholders::_1));
      |                                                 [01;31m[K^~~~~~~~~~~~[m[K
[01m[K/home/seohyeongmi/ros2_ws/src/ros2_term_project/src/cmd_publisher.cpp:[m[K In member function ‚Äò[01m[Kvoid CmdPublisher::moverobot()[m[K‚Äô:
[01m[K/home/seohyeongmi/ros2_ws/src/ros2_term_project/src/cmd_publisher.cpp:210:26:[m[K [01;35m[Kwarning: [m[Kcomparison of integer expressions of different signedness: ‚Äò[01m[Kint[m[K‚Äô and ‚Äò[01m[Kstd::vector<PathNode>::size_type[m[K‚Äô {aka ‚Äò[01m[Klong unsigned int[m[K‚Äô} [[01;35m[K]8;;https://gcc.gnu.org/onlinedocs/gcc/Warning-Options.html#index-Wsign-compare-Wsign-compare]8;;[m[K]
  210 |     if ([01;35m[Kcurrent_waypoint < path.size()[m[K)
      |         [01;35m[K~~~~~~~~~~~~~~~~~^~~~~~~~~~~~~[m[K
[01m[K/home/seohyeongmi/ros2_ws/src/ros2_term_project/src/cmd_publisher.cpp:223:25:[m[K [01;35m[Kwarning: [m[Kcomparison of integer expressions of different signedness: ‚Äò[01m[Kint[m[K‚Äô and ‚Äò[01m[Kstd::vector<PathNode>::size_type[m[K‚Äô {aka ‚Äò[01m[Klong unsigned int[m[K‚Äô} [[01;35m[K]8;;https://gcc.gnu.org/onlinedocs/gcc/Warning-Options.html#index-Wsign-compare-Wsign-compare]8;;[m[K]
  223 |     if ([01;35m[Ktarget_waypoint < path.size()[m[K)
      |         [01;35m[K~~~~~~~~~~~~~~~~^~~~~~~~~~~~~[m[K
[01m[K/home/seohyeongmi/ros2_ws/src/ros2_term_project/src/cmd_publisher.cpp:265:69:[m[K [01;35m[Kwarning: [m[Kcomparison of integer expressions of different signedness: ‚Äò[01m[Kint[m[K‚Äô and ‚Äò[01m[Kstd::vector<PathNode>::size_type[m[K‚Äô {aka ‚Äò[01m[Klong unsigned int[m[K‚Äô} [[01;35m[K]8;;https://gcc.gnu.org/onlinedocs/gcc/Warning-Options.html#index-Wsign-compare-Wsign-compare]8;;[m[K]
  265 |     if (abs(x - goal_x) + abs(y - goal_y) < 0.2 || [01;35m[Kcurrent_waypoint >= path.size()[m[K)
      |                                                    [01;35m[K~~~~~~~~~~~~~~~~~^~~~~~~~~~~~~~[m[K
gmake[2]: *** [CMakeFiles/cmd_publisher_node.dir/build.make:76: CMakeFiles/cmd_publisher_node.dir/src/cmd_publisher_node.cpp.o] Ïò§Î•ò 1
gmake[2]: *** ÎÅùÎÇòÏßÄ ÏïäÏùÄ ÏûëÏóÖÏùÑ Í∏∞Îã§Î¶¨Í≥† ÏûàÏäµÎãàÎã§....
gmake[2]: *** [CMakeFiles/cmd_publisher_node.dir/build.make:90: CMakeFiles/cmd_publisher_node.dir/src/cmd_publisher.cpp.o] Ïò§Î•ò 1
gmake[1]: *** [CMakeFiles/Makefile2:137: CMakeFiles/cmd_publisher_node.dir/all] Ïò§Î•ò 2
gmake: *** [Makefile:146: all] Ïò§Î•ò 2
